<?xml version="1.0" encoding="UTF-8" ?>
<testsuite tests="3" failures="0" name="felinetests.FelineParamTest" time="0.003" errors="0" skipped="0">
  <properties>
[...]
</properties>
  <testcase classname="felinetests.FelineParamTest" name="felineGetKittensWithParameterReturnRightValue[kittensCount: 0, expected: 0]" time="0.002"/>
  <testcase classname="felinetests.FelineParamTest" name="felineGetKittensWithParameterReturnRightValue[kittensCount: 1, expected: 1]" time="0.001"/>
  <testcase classname="felinetests.FelineParamTest" name="felineGetKittensWithParameterReturnRightValue[kittensCount: 2, expected: 2]" time="0"/>
</testsuite>